<?xml version="1.0" encoding="UTF-8"?>
<!-- Generated by org.testng.reporters.JUnitReportReporter -->
<testsuite hostname="Godsways-MBP" failures="0" tests="1" name="com.test.ValidCredential" time="7.686" errors="0" timestamp="2023-09-12T17:52:57 GMT" skipped="0">
  <testcase classname="com.test.ValidCredential" name="correctCredentials" time="7.686"/>
  <system-out/>
</testsuite> <!-- com.test.ValidCredential -->
